Navigated to http://localhost:3000/
Post.jsx:41 <Post>dispatching for  Bojangles315
Post.jsx:41 <Post>dispatching for  Sad_Willingness5589
Post.jsx:41 <Post>dispatching for  jade911
Post.jsx:41 <Post>dispatching for  BuilderBrigade
Post.jsx:41 <Post>dispatching for  softc0rGamer
Post.jsx:41 <Post>dispatching for  CamV-
Post.jsx:41 <Post>dispatching for  Expensive_News_8265
Post.jsx:41 <Post>dispatching for  Every_Film4201
Post.jsx:41 <Post>dispatching for  pennytheyorkie
Post.jsx:41 <Post>dispatching for  Alert-Use6018
Post.jsx:41 <Post>dispatching for  Hot-Maintenance8881
Post.jsx:41 <Post>dispatching for  lilieta5
Post.jsx:41 <Post>dispatching for  Supermoon_fullmoon
Post.jsx:41 <Post>dispatching for  Master-Variation6954
Post.jsx:41 <Post>dispatching for  jeffersonnSteelflexx
Post.jsx:41 <Post>dispatching for  Shredded__
Post.jsx:41 <Post>dispatching for  omgthisoldhouse
Post.jsx:41 <Post>dispatching for  OnePenguin209
Post.jsx:41 <Post>dispatching for  friendinfremont
Post.jsx:41 <Post>dispatching for  Flxres75
Post.jsx:41 <Post>dispatching for  No-Seaworthiness-630
Post.jsx:41 <Post>dispatching for  remotelysane
Post.jsx:41 <Post>dispatching for  Practical_Dig1945
Post.jsx:41 <Post>dispatching for  TheLandGirl
Post.jsx:41 <Post>dispatching for  ATF8643
Post.jsx:41 <Post>dispatching for  Bojangles315
Post.jsx:41 <Post>dispatching for  Sad_Willingness5589
Post.jsx:41 <Post>dispatching for  jade911
Post.jsx:41 <Post>dispatching for  BuilderBrigade
Post.jsx:41 <Post>dispatching for  softc0rGamer
Post.jsx:41 <Post>dispatching for  CamV-
Post.jsx:41 <Post>dispatching for  Expensive_News_8265
Post.jsx:41 <Post>dispatching for  Every_Film4201
Post.jsx:41 <Post>dispatching for  pennytheyorkie
Post.jsx:41 <Post>dispatching for  Alert-Use6018
Post.jsx:41 <Post>dispatching for  Hot-Maintenance8881
Post.jsx:41 <Post>dispatching for  lilieta5
Post.jsx:41 <Post>dispatching for  Supermoon_fullmoon
Post.jsx:41 <Post>dispatching for  Master-Variation6954
Post.jsx:41 <Post>dispatching for  jeffersonnSteelflexx
Post.jsx:41 <Post>dispatching for  Shredded__
Post.jsx:41 <Post>dispatching for  omgthisoldhouse
Post.jsx:41 <Post>dispatching for  OnePenguin209
Post.jsx:41 <Post>dispatching for  friendinfremont
Post.jsx:41 <Post>dispatching for  Flxres75
Post.jsx:41 <Post>dispatching for  No-Seaworthiness-630
Post.jsx:41 <Post>dispatching for  remotelysane
Post.jsx:41 <Post>dispatching for  Practical_Dig1945
Post.jsx:41 <Post>dispatching for  TheLandGirl
Post.jsx:41 <Post>dispatching for  ATF8643
17vjxeduehec1.jpeg:1  GET https://i.redd.it/17vjxeduehec1.jpeg 404 (Not Found)
n2fyyxfeofec1.jpeg:1  GET https://i.redd.it/n2fyyxfeofec1.jpeg 404 (Not Found)
  GET https://www.reddit.com/user/Bojangles315/about.json 429 (Too Many Requests)
dispatchXhrRequest @ bundle.js:69583
xhr @ bundle.js:69395
dispatchRequest @ bundle.js:70615
_request @ bundle.js:70051
request @ bundle.js:69946
Axios.<computed> @ bundle.js:70073
wrap @ bundle.js:71181
(anonymous) @ bundle.js:64372
(anonymous) @ bundle.js:67669
(anonymous) @ bundle.js:67703
(anonymous) @ bundle.js:160956
(anonymous) @ bundle.js:67026
(anonymous) @ bundle.js:66836
dispatch @ unknown
(anonymous) @ bundle.js:1251
commitHookEffectListMount @ bundle.js:45752
commitPassiveMountOnFiber @ bundle.js:47245
commitPassiveMountEffects_complete @ bundle.js:47217
commitPassiveMountEffects_begin @ bundle.js:47207
commitPassiveMountEffects @ bundle.js:47197
flushPassiveEffectsImpl @ bundle.js:49080
flushPassiveEffects @ bundle.js:49033
commitRootImpl @ bundle.js:48992
commitRoot @ bundle.js:48775
performSyncWorkOnRoot @ bundle.js:48284
flushSyncCallbacks @ bundle.js:36259
(anonymous) @ bundle.js:47889
 axios error AxiosError {message: 'Request failed with status code 429', name: 'AxiosError', code: 'ERR_BAD_REQUEST', config: {…}, request: XMLHttpRequest, …}
 axios X-Ratelimit-Remaining undefined
 axios error status 429
 axios error headers toJSON {cache-control: 'private, max-age=3600', content-type: 'application/json; charset=UTF-8'}
  GET https://www.reddit.com/user/Sad_Willingness5589/about.json 429 (Too Many Requests)
dispatchXhrRequest @ bundle.js:69583
xhr @ bundle.js:69395
dispatchRequest @ bundle.js:70615
_request @ bundle.js:70051
request @ bundle.js:69946
Axios.<computed> @ bundle.js:70073
wrap @ bundle.js:71181
(anonymous) @ bundle.js:64372
(anonymous) @ bundle.js:67669
(anonymous) @ bundle.js:67703
(anonymous) @ bundle.js:160956
(anonymous) @ bundle.js:67026
(anonymous) @ bundle.js:66836
dispatch @ unknown
(anonymous) @ bundle.js:1251
commitHookEffectListMount @ bundle.js:45752
commitPassiveMountOnFiber @ bundle.js:47245
commitPassiveMountEffects_complete @ bundle.js:47217
commitPassiveMountEffects_begin @ bundle.js:47207
commitPassiveMountEffects @ bundle.js:47197
flushPassiveEffectsImpl @ bundle.js:49080
flushPassiveEffects @ bundle.js:49033
commitRootImpl @ bundle.js:48992
commitRoot @ bundle.js:48775
performSyncWorkOnRoot @ bundle.js:48284
flushSyncCallbacks @ bundle.js:36259
(anonymous) @ bundle.js:47889
 axios error AxiosError {message: 'Request failed with status code 429', name: 'AxiosError', code: 'ERR_BAD_REQUEST', config: {…}, request: XMLHttpRequest, …}
 axios X-Ratelimit-Remaining undefined
 axios error status 429
 axios error headers toJSON {cache-control: 'private, max-age=3600', content-type: 'application/json; charset=UTF-8'}
  GET https://www.reddit.com/user/jade911/about.json 429 (Too Many Requests)
dispatchXhrRequest @ bundle.js:69583
xhr @ bundle.js:69395
dispatchRequest @ bundle.js:70615
_request @ bundle.js:70051
request @ bundle.js:69946
Axios.<computed> @ bundle.js:70073
wrap @ bundle.js:71181
(anonymous) @ bundle.js:64372
(anonymous) @ bundle.js:67669
(anonymous) @ bundle.js:67703
(anonymous) @ bundle.js:160956
(anonymous) @ bundle.js:67026
(anonymous) @ bundle.js:66836
dispatch @ unknown
(anonymous) @ bundle.js:1251
commitHookEffectListMount @ bundle.js:45752
commitPassiveMountOnFiber @ bundle.js:47245
commitPassiveMountEffects_complete @ bundle.js:47217
commitPassiveMountEffects_begin @ bundle.js:47207
commitPassiveMountEffects @ bundle.js:47197
flushPassiveEffectsImpl @ bundle.js:49080
flushPassiveEffects @ bundle.js:49033
commitRootImpl @ bundle.js:48992
commitRoot @ bundle.js:48775
performSyncWorkOnRoot @ bundle.js:48284
flushSyncCallbacks @ bundle.js:36259
(anonymous) @ bundle.js:47889
 axios error AxiosError {message: 'Request failed with status code 429', name: 'AxiosError', code: 'ERR_BAD_REQUEST', config: {…}, request: XMLHttpRequest, …}
 axios X-Ratelimit-Remaining undefined
 axios error status 429
 axios error headers toJSON {cache-control: 'private, max-age=3600', content-type: 'application/json; charset=UTF-8'}
  GET https://www.reddit.com/user/BuilderBrigade/about.json 429 (Too Many Requests)
dispatchXhrRequest @ bundle.js:69583
xhr @ bundle.js:69395
dispatchRequest @ bundle.js:70615
_request @ bundle.js:70051
request @ bundle.js:69946
Axios.<computed> @ bundle.js:70073
wrap @ bundle.js:71181
(anonymous) @ bundle.js:64372
(anonymous) @ bundle.js:67669
(anonymous) @ bundle.js:67703
(anonymous) @ bundle.js:160956
(anonymous) @ bundle.js:67026
(anonymous) @ bundle.js:66836
dispatch @ unknown
(anonymous) @ bundle.js:1251
commitHookEffectListMount @ bundle.js:45752
commitPassiveMountOnFiber @ bundle.js:47245
commitPassiveMountEffects_complete @ bundle.js:47217
commitPassiveMountEffects_begin @ bundle.js:47207
commitPassiveMountEffects @ bundle.js:47197
flushPassiveEffectsImpl @ bundle.js:49080
flushPassiveEffects @ bundle.js:49033
commitRootImpl @ bundle.js:48992
commitRoot @ bundle.js:48775
performSyncWorkOnRoot @ bundle.js:48284
flushSyncCallbacks @ bundle.js:36259
(anonymous) @ bundle.js:47889
 axios error AxiosError {message: 'Request failed with status code 429', name: 'AxiosError', code: 'ERR_BAD_REQUEST', config: {…}, request: XMLHttpRequest, …}
 axios X-Ratelimit-Remaining undefined
 axios error status 429
 axios error headers toJSON {cache-control: 'private, max-age=3600', content-type: 'application/json; charset=UTF-8'}
  GET https://www.reddit.com/user/softc0rGamer/about.json 429 (Too Many Requests)
dispatchXhrRequest @ bundle.js:69583
xhr @ bundle.js:69395
dispatchRequest @ bundle.js:70615
_request @ bundle.js:70051
request @ bundle.js:69946
Axios.<computed> @ bundle.js:70073
wrap @ bundle.js:71181
(anonymous) @ bundle.js:64372
(anonymous) @ bundle.js:67669
(anonymous) @ bundle.js:67703
(anonymous) @ bundle.js:160956
(anonymous) @ bundle.js:67026
(anonymous) @ bundle.js:66836
dispatch @ unknown
(anonymous) @ bundle.js:1251
commitHookEffectListMount @ bundle.js:45752
commitPassiveMountOnFiber @ bundle.js:47245
commitPassiveMountEffects_complete @ bundle.js:47217
commitPassiveMountEffects_begin @ bundle.js:47207
commitPassiveMountEffects @ bundle.js:47197
flushPassiveEffectsImpl @ bundle.js:49080
flushPassiveEffects @ bundle.js:49033
commitRootImpl @ bundle.js:48992
commitRoot @ bundle.js:48775
performSyncWorkOnRoot @ bundle.js:48284
flushSyncCallbacks @ bundle.js:36259
(anonymous) @ bundle.js:47889
 axios error AxiosError {message: 'Request failed with status code 429', name: 'AxiosError', code: 'ERR_BAD_REQUEST', config: {…}, request: XMLHttpRequest, …}
 axios X-Ratelimit-Remaining undefined
 axios error status 429
 axios error headers toJSON {cache-control: 'private, max-age=3600', content-type: 'application/json; charset=UTF-8'}
  GET https://www.reddit.com/user/CamV-/about.json 429 (Too Many Requests)
dispatchXhrRequest @ bundle.js:69583
xhr @ bundle.js:69395
dispatchRequest @ bundle.js:70615
_request @ bundle.js:70051
request @ bundle.js:69946
Axios.<computed> @ bundle.js:70073
wrap @ bundle.js:71181
(anonymous) @ bundle.js:64372
(anonymous) @ bundle.js:67669
(anonymous) @ bundle.js:67703
(anonymous) @ bundle.js:160956
(anonymous) @ bundle.js:67026
(anonymous) @ bundle.js:66836
dispatch @ unknown
(anonymous) @ bundle.js:1251
commitHookEffectListMount @ bundle.js:45752
commitPassiveMountOnFiber @ bundle.js:47245
commitPassiveMountEffects_complete @ bundle.js:47217
commitPassiveMountEffects_begin @ bundle.js:47207
commitPassiveMountEffects @ bundle.js:47197
flushPassiveEffectsImpl @ bundle.js:49080
flushPassiveEffects @ bundle.js:49033
commitRootImpl @ bundle.js:48992
commitRoot @ bundle.js:48775
performSyncWorkOnRoot @ bundle.js:48284
flushSyncCallbacks @ bundle.js:36259
(anonymous) @ bundle.js:47889
 axios error AxiosError {message: 'Request failed with status code 429', name: 'AxiosError', code: 'ERR_BAD_REQUEST', config: {…}, request: XMLHttpRequest, …}
 axios X-Ratelimit-Remaining undefined
 axios error status 429
 axios error headers toJSON {cache-control: 'private, max-age=3600', content-type: 'application/json; charset=UTF-8'}
  GET https://www.reddit.com/user/Expensive_News_8265/about.json 429 (Too Many Requests)
dispatchXhrRequest @ bundle.js:69583
xhr @ bundle.js:69395
dispatchRequest @ bundle.js:70615
_request @ bundle.js:70051
request @ bundle.js:69946
Axios.<computed> @ bundle.js:70073
wrap @ bundle.js:71181
(anonymous) @ bundle.js:64372
(anonymous) @ bundle.js:67669
(anonymous) @ bundle.js:67703
(anonymous) @ bundle.js:160956
(anonymous) @ bundle.js:67026
(anonymous) @ bundle.js:66836
dispatch @ unknown
(anonymous) @ bundle.js:1251
commitHookEffectListMount @ bundle.js:45752
commitPassiveMountOnFiber @ bundle.js:47245
commitPassiveMountEffects_complete @ bundle.js:47217
commitPassiveMountEffects_begin @ bundle.js:47207
commitPassiveMountEffects @ bundle.js:47197
flushPassiveEffectsImpl @ bundle.js:49080
flushPassiveEffects @ bundle.js:49033
commitRootImpl @ bundle.js:48992
commitRoot @ bundle.js:48775
performSyncWorkOnRoot @ bundle.js:48284
flushSyncCallbacks @ bundle.js:36259
(anonymous) @ bundle.js:47889
 axios error AxiosError {message: 'Request failed with status code 429', name: 'AxiosError', code: 'ERR_BAD_REQUEST', config: {…}, request: XMLHttpRequest, …}
 axios X-Ratelimit-Remaining undefined
 axios error status 429
 axios error headers toJSON {cache-control: 'private, max-age=3600', content-type: 'application/json; charset=UTF-8'}
  GET https://www.reddit.com/user/Every_Film4201/about.json 429 (Too Many Requests)
dispatchXhrRequest @ bundle.js:69583
xhr @ bundle.js:69395
dispatchRequest @ bundle.js:70615
_request @ bundle.js:70051
request @ bundle.js:69946
Axios.<computed> @ bundle.js:70073
wrap @ bundle.js:71181
(anonymous) @ bundle.js:64372
(anonymous) @ bundle.js:67669
(anonymous) @ bundle.js:67703
(anonymous) @ bundle.js:160956
(anonymous) @ bundle.js:67026
(anonymous) @ bundle.js:66836
dispatch @ unknown
(anonymous) @ bundle.js:1251
commitHookEffectListMount @ bundle.js:45752
commitPassiveMountOnFiber @ bundle.js:47245
commitPassiveMountEffects_complete @ bundle.js:47217
commitPassiveMountEffects_begin @ bundle.js:47207
commitPassiveMountEffects @ bundle.js:47197
flushPassiveEffectsImpl @ bundle.js:49080
flushPassiveEffects @ bundle.js:49033
commitRootImpl @ bundle.js:48992
commitRoot @ bundle.js:48775
performSyncWorkOnRoot @ bundle.js:48284
flushSyncCallbacks @ bundle.js:36259
(anonymous) @ bundle.js:47889
 axios error AxiosError {message: 'Request failed with status code 429', name: 'AxiosError', code: 'ERR_BAD_REQUEST', config: {…}, request: XMLHttpRequest, …}
 axios X-Ratelimit-Remaining undefined
 axios error status 429
 axios error headers toJSON {cache-control: 'private, max-age=3600', content-type: 'application/json; charset=UTF-8'}
  GET https://www.reddit.com/user/pennytheyorkie/about.json 429 (Too Many Requests)
dispatchXhrRequest @ bundle.js:69583
xhr @ bundle.js:69395
dispatchRequest @ bundle.js:70615
_request @ bundle.js:70051
request @ bundle.js:69946
Axios.<computed> @ bundle.js:70073
wrap @ bundle.js:71181
(anonymous) @ bundle.js:64372
(anonymous) @ bundle.js:67669
(anonymous) @ bundle.js:67703
(anonymous) @ bundle.js:160956
(anonymous) @ bundle.js:67026
(anonymous) @ bundle.js:66836
dispatch @ unknown
(anonymous) @ bundle.js:1251
commitHookEffectListMount @ bundle.js:45752
commitPassiveMountOnFiber @ bundle.js:47245
commitPassiveMountEffects_complete @ bundle.js:47217
commitPassiveMountEffects_begin @ bundle.js:47207
commitPassiveMountEffects @ bundle.js:47197
flushPassiveEffectsImpl @ bundle.js:49080
flushPassiveEffects @ bundle.js:49033
commitRootImpl @ bundle.js:48992
commitRoot @ bundle.js:48775
performSyncWorkOnRoot @ bundle.js:48284
flushSyncCallbacks @ bundle.js:36259
(anonymous) @ bundle.js:47889
 axios error AxiosError {message: 'Request failed with status code 429', name: 'AxiosError', code: 'ERR_BAD_REQUEST', config: {…}, request: XMLHttpRequest, …}
 axios X-Ratelimit-Remaining undefined
 axios error status 429
 axios error headers toJSON {cache-control: 'private, max-age=3600', content-type: 'application/json; charset=UTF-8'}
  GET https://www.reddit.com/user/Alert-Use6018/about.json 429 (Too Many Requests)
dispatchXhrRequest @ bundle.js:69583
xhr @ bundle.js:69395
dispatchRequest @ bundle.js:70615
_request @ bundle.js:70051
request @ bundle.js:69946
Axios.<computed> @ bundle.js:70073
wrap @ bundle.js:71181
(anonymous) @ bundle.js:64372
(anonymous) @ bundle.js:67669
(anonymous) @ bundle.js:67703
(anonymous) @ bundle.js:160956
(anonymous) @ bundle.js:67026
(anonymous) @ bundle.js:66836
dispatch @ unknown
(anonymous) @ bundle.js:1251
commitHookEffectListMount @ bundle.js:45752
commitPassiveMountOnFiber @ bundle.js:47245
commitPassiveMountEffects_complete @ bundle.js:47217
commitPassiveMountEffects_begin @ bundle.js:47207
commitPassiveMountEffects @ bundle.js:47197
flushPassiveEffectsImpl @ bundle.js:49080
flushPassiveEffects @ bundle.js:49033
commitRootImpl @ bundle.js:48992
commitRoot @ bundle.js:48775
performSyncWorkOnRoot @ bundle.js:48284
flushSyncCallbacks @ bundle.js:36259
(anonymous) @ bundle.js:47889
 axios error AxiosError {message: 'Request failed with status code 429', name: 'AxiosError', code: 'ERR_BAD_REQUEST', config: {…}, request: XMLHttpRequest, …}
 axios X-Ratelimit-Remaining undefined
 axios error status 429
 axios error headers toJSON {cache-control: 'private, max-age=3600', content-type: 'application/json; charset=UTF-8'}
  GET https://www.reddit.com/user/Hot-Maintenance8881/about.json 429 (Too Many Requests)
dispatchXhrRequest @ bundle.js:69583
xhr @ bundle.js:69395
dispatchRequest @ bundle.js:70615
_request @ bundle.js:70051
request @ bundle.js:69946
Axios.<computed> @ bundle.js:70073
wrap @ bundle.js:71181
(anonymous) @ bundle.js:64372
(anonymous) @ bundle.js:67669
(anonymous) @ bundle.js:67703
(anonymous) @ bundle.js:160956
(anonymous) @ bundle.js:67026
(anonymous) @ bundle.js:66836
dispatch @ unknown
(anonymous) @ bundle.js:1251
commitHookEffectListMount @ bundle.js:45752
commitPassiveMountOnFiber @ bundle.js:47245
commitPassiveMountEffects_complete @ bundle.js:47217
commitPassiveMountEffects_begin @ bundle.js:47207
commitPassiveMountEffects @ bundle.js:47197
flushPassiveEffectsImpl @ bundle.js:49080
flushPassiveEffects @ bundle.js:49033
commitRootImpl @ bundle.js:48992
commitRoot @ bundle.js:48775
performSyncWorkOnRoot @ bundle.js:48284
flushSyncCallbacks @ bundle.js:36259
(anonymous) @ bundle.js:47889
 axios error AxiosError {message: 'Request failed with status code 429', name: 'AxiosError', code: 'ERR_BAD_REQUEST', config: {…}, request: XMLHttpRequest, …}
 axios X-Ratelimit-Remaining undefined
 axios error status 429
 axios error headers toJSON {cache-control: 'private, max-age=3600', content-type: 'application/json; charset=UTF-8'}
  GET https://www.reddit.com/user/lilieta5/about.json 429 (Too Many Requests)
dispatchXhrRequest @ bundle.js:69583
xhr @ bundle.js:69395
dispatchRequest @ bundle.js:70615
_request @ bundle.js:70051
request @ bundle.js:69946
Axios.<computed> @ bundle.js:70073
wrap @ bundle.js:71181
(anonymous) @ bundle.js:64372
(anonymous) @ bundle.js:67669
(anonymous) @ bundle.js:67703
(anonymous) @ bundle.js:160956
(anonymous) @ bundle.js:67026
(anonymous) @ bundle.js:66836
dispatch @ unknown
(anonymous) @ bundle.js:1251
commitHookEffectListMount @ bundle.js:45752
commitPassiveMountOnFiber @ bundle.js:47245
commitPassiveMountEffects_complete @ bundle.js:47217
commitPassiveMountEffects_begin @ bundle.js:47207
commitPassiveMountEffects @ bundle.js:47197
flushPassiveEffectsImpl @ bundle.js:49080
flushPassiveEffects @ bundle.js:49033
commitRootImpl @ bundle.js:48992
commitRoot @ bundle.js:48775
performSyncWorkOnRoot @ bundle.js:48284
flushSyncCallbacks @ bundle.js:36259
(anonymous) @ bundle.js:47889
 axios error AxiosError {message: 'Request failed with status code 429', name: 'AxiosError', code: 'ERR_BAD_REQUEST', config: {…}, request: XMLHttpRequest, …}
 axios X-Ratelimit-Remaining undefined
 axios error status 429
 axios error headers toJSON {cache-control: 'private, max-age=3600', content-type: 'application/json; charset=UTF-8'}
  GET https://www.reddit.com/user/Supermoon_fullmoon/about.json 429 (Too Many Requests)
dispatchXhrRequest @ bundle.js:69583
xhr @ bundle.js:69395
dispatchRequest @ bundle.js:70615
_request @ bundle.js:70051
request @ bundle.js:69946
Axios.<computed> @ bundle.js:70073
wrap @ bundle.js:71181
(anonymous) @ bundle.js:64372
(anonymous) @ bundle.js:67669
(anonymous) @ bundle.js:67703
(anonymous) @ bundle.js:160956
(anonymous) @ bundle.js:67026
(anonymous) @ bundle.js:66836
dispatch @ unknown
(anonymous) @ bundle.js:1251
commitHookEffectListMount @ bundle.js:45752
commitPassiveMountOnFiber @ bundle.js:47245
commitPassiveMountEffects_complete @ bundle.js:47217
commitPassiveMountEffects_begin @ bundle.js:47207
commitPassiveMountEffects @ bundle.js:47197
flushPassiveEffectsImpl @ bundle.js:49080
flushPassiveEffects @ bundle.js:49033
commitRootImpl @ bundle.js:48992
commitRoot @ bundle.js:48775
performSyncWorkOnRoot @ bundle.js:48284
flushSyncCallbacks @ bundle.js:36259
(anonymous) @ bundle.js:47889
 axios error AxiosError {message: 'Request failed with status code 429', name: 'AxiosError', code: 'ERR_BAD_REQUEST', config: {…}, request: XMLHttpRequest, …}
 axios X-Ratelimit-Remaining undefined
 axios error status 429
 axios error headers toJSON {cache-control: 'private, max-age=3600', content-type: 'application/json; charset=UTF-8'}
  GET https://www.reddit.com/user/Master-Variation6954/about.json 429 (Too Many Requests)
dispatchXhrRequest @ bundle.js:69583
xhr @ bundle.js:69395
dispatchRequest @ bundle.js:70615
_request @ bundle.js:70051
request @ bundle.js:69946
Axios.<computed> @ bundle.js:70073
wrap @ bundle.js:71181
(anonymous) @ bundle.js:64372
(anonymous) @ bundle.js:67669
(anonymous) @ bundle.js:67703
(anonymous) @ bundle.js:160956
(anonymous) @ bundle.js:67026
(anonymous) @ bundle.js:66836
dispatch @ unknown
(anonymous) @ bundle.js:1251
commitHookEffectListMount @ bundle.js:45752
commitPassiveMountOnFiber @ bundle.js:47245
commitPassiveMountEffects_complete @ bundle.js:47217
commitPassiveMountEffects_begin @ bundle.js:47207
commitPassiveMountEffects @ bundle.js:47197
flushPassiveEffectsImpl @ bundle.js:49080
flushPassiveEffects @ bundle.js:49033
commitRootImpl @ bundle.js:48992
commitRoot @ bundle.js:48775
performSyncWorkOnRoot @ bundle.js:48284
flushSyncCallbacks @ bundle.js:36259
(anonymous) @ bundle.js:47889
 axios error AxiosError {message: 'Request failed with status code 429', name: 'AxiosError', code: 'ERR_BAD_REQUEST', config: {…}, request: XMLHttpRequest, …}
 axios X-Ratelimit-Remaining undefined
 axios error status 429
 axios error headers toJSON {cache-control: 'private, max-age=3600', content-type: 'application/json; charset=UTF-8'}
  GET https://www.reddit.com/user/jeffersonnSteelflexx/about.json 429 (Too Many Requests)
dispatchXhrRequest @ bundle.js:69583
xhr @ bundle.js:69395
dispatchRequest @ bundle.js:70615
_request @ bundle.js:70051
request @ bundle.js:69946
Axios.<computed> @ bundle.js:70073
wrap @ bundle.js:71181
(anonymous) @ bundle.js:64372
(anonymous) @ bundle.js:67669
(anonymous) @ bundle.js:67703
(anonymous) @ bundle.js:160956
(anonymous) @ bundle.js:67026
(anonymous) @ bundle.js:66836
dispatch @ unknown
(anonymous) @ bundle.js:1251
commitHookEffectListMount @ bundle.js:45752
commitPassiveMountOnFiber @ bundle.js:47245
commitPassiveMountEffects_complete @ bundle.js:47217
commitPassiveMountEffects_begin @ bundle.js:47207
commitPassiveMountEffects @ bundle.js:47197
flushPassiveEffectsImpl @ bundle.js:49080
flushPassiveEffects @ bundle.js:49033
commitRootImpl @ bundle.js:48992
commitRoot @ bundle.js:48775
performSyncWorkOnRoot @ bundle.js:48284
flushSyncCallbacks @ bundle.js:36259
(anonymous) @ bundle.js:47889
 axios error AxiosError {message: 'Request failed with status code 429', name: 'AxiosError', code: 'ERR_BAD_REQUEST', config: {…}, request: XMLHttpRequest, …}
 axios X-Ratelimit-Remaining undefined
 axios error status 429
 axios error headers toJSON {cache-control: 'private, max-age=3600', content-type: 'application/json; charset=UTF-8'}
  GET https://www.reddit.com/user/Shredded__/about.json 429 (Too Many Requests)
dispatchXhrRequest @ bundle.js:69583
xhr @ bundle.js:69395
dispatchRequest @ bundle.js:70615
_request @ bundle.js:70051
request @ bundle.js:69946
Axios.<computed> @ bundle.js:70073
wrap @ bundle.js:71181
(anonymous) @ bundle.js:64372
(anonymous) @ bundle.js:67669
(anonymous) @ bundle.js:67703
(anonymous) @ bundle.js:160956
(anonymous) @ bundle.js:67026
(anonymous) @ bundle.js:66836
dispatch @ unknown
(anonymous) @ bundle.js:1251
commitHookEffectListMount @ bundle.js:45752
commitPassiveMountOnFiber @ bundle.js:47245
commitPassiveMountEffects_complete @ bundle.js:47217
commitPassiveMountEffects_begin @ bundle.js:47207
commitPassiveMountEffects @ bundle.js:47197
flushPassiveEffectsImpl @ bundle.js:49080
flushPassiveEffects @ bundle.js:49033
commitRootImpl @ bundle.js:48992
commitRoot @ bundle.js:48775
performSyncWorkOnRoot @ bundle.js:48284
flushSyncCallbacks @ bundle.js:36259
(anonymous) @ bundle.js:47889
 axios error AxiosError {message: 'Request failed with status code 429', name: 'AxiosError', code: 'ERR_BAD_REQUEST', config: {…}, request: XMLHttpRequest, …}
 axios X-Ratelimit-Remaining undefined
 axios error status 429
 axios error headers toJSON {cache-control: 'private, max-age=3600', content-type: 'application/json; charset=UTF-8'}
  GET https://www.reddit.com/user/omgthisoldhouse/about.json 429 (Too Many Requests)
dispatchXhrRequest @ bundle.js:69583
xhr @ bundle.js:69395
dispatchRequest @ bundle.js:70615
_request @ bundle.js:70051
request @ bundle.js:69946
Axios.<computed> @ bundle.js:70073
wrap @ bundle.js:71181
(anonymous) @ bundle.js:64372
(anonymous) @ bundle.js:67669
(anonymous) @ bundle.js:67703
(anonymous) @ bundle.js:160956
(anonymous) @ bundle.js:67026
(anonymous) @ bundle.js:66836
dispatch @ unknown
(anonymous) @ bundle.js:1251
commitHookEffectListMount @ bundle.js:45752
commitPassiveMountOnFiber @ bundle.js:47245
commitPassiveMountEffects_complete @ bundle.js:47217
commitPassiveMountEffects_begin @ bundle.js:47207
commitPassiveMountEffects @ bundle.js:47197
flushPassiveEffectsImpl @ bundle.js:49080
flushPassiveEffects @ bundle.js:49033
commitRootImpl @ bundle.js:48992
commitRoot @ bundle.js:48775
performSyncWorkOnRoot @ bundle.js:48284
flushSyncCallbacks @ bundle.js:36259
(anonymous) @ bundle.js:47889
 axios error AxiosError {message: 'Request failed with status code 429', name: 'AxiosError', code: 'ERR_BAD_REQUEST', config: {…}, request: XMLHttpRequest, …}
 axios X-Ratelimit-Remaining undefined
 axios error status 429
 axios error headers toJSON {cache-control: 'private, max-age=3600', content-type: 'application/json; charset=UTF-8'}
  GET https://www.reddit.com/user/OnePenguin209/about.json 429 (Too Many Requests)
dispatchXhrRequest @ bundle.js:69583
xhr @ bundle.js:69395
dispatchRequest @ bundle.js:70615
_request @ bundle.js:70051
request @ bundle.js:69946
Axios.<computed> @ bundle.js:70073
wrap @ bundle.js:71181
(anonymous) @ bundle.js:64372
(anonymous) @ bundle.js:67669
(anonymous) @ bundle.js:67703
(anonymous) @ bundle.js:160956
(anonymous) @ bundle.js:67026
(anonymous) @ bundle.js:66836
dispatch @ unknown
(anonymous) @ bundle.js:1251
commitHookEffectListMount @ bundle.js:45752
commitPassiveMountOnFiber @ bundle.js:47245
commitPassiveMountEffects_complete @ bundle.js:47217
commitPassiveMountEffects_begin @ bundle.js:47207
commitPassiveMountEffects @ bundle.js:47197
flushPassiveEffectsImpl @ bundle.js:49080
flushPassiveEffects @ bundle.js:49033
commitRootImpl @ bundle.js:48992
commitRoot @ bundle.js:48775
performSyncWorkOnRoot @ bundle.js:48284
flushSyncCallbacks @ bundle.js:36259
(anonymous) @ bundle.js:47889
 axios error AxiosError {message: 'Request failed with status code 429', name: 'AxiosError', code: 'ERR_BAD_REQUEST', config: {…}, request: XMLHttpRequest, …}
 axios X-Ratelimit-Remaining undefined
 axios error status 429
 axios error headers toJSON {cache-control: 'private, max-age=3600', content-type: 'application/json; charset=UTF-8'}
  GET https://www.reddit.com/user/friendinfremont/about.json 429 (Too Many Requests)
dispatchXhrRequest @ bundle.js:69583
xhr @ bundle.js:69395
dispatchRequest @ bundle.js:70615
_request @ bundle.js:70051
request @ bundle.js:69946
Axios.<computed> @ bundle.js:70073
wrap @ bundle.js:71181
(anonymous) @ bundle.js:64372
(anonymous) @ bundle.js:67669
(anonymous) @ bundle.js:67703
(anonymous) @ bundle.js:160956
(anonymous) @ bundle.js:67026
(anonymous) @ bundle.js:66836
dispatch @ unknown
(anonymous) @ bundle.js:1251
commitHookEffectListMount @ bundle.js:45752
commitPassiveMountOnFiber @ bundle.js:47245
commitPassiveMountEffects_complete @ bundle.js:47217
commitPassiveMountEffects_begin @ bundle.js:47207
commitPassiveMountEffects @ bundle.js:47197
flushPassiveEffectsImpl @ bundle.js:49080
flushPassiveEffects @ bundle.js:49033
commitRootImpl @ bundle.js:48992
commitRoot @ bundle.js:48775
performSyncWorkOnRoot @ bundle.js:48284
flushSyncCallbacks @ bundle.js:36259
(anonymous) @ bundle.js:47889
 axios error AxiosError {message: 'Request failed with status code 429', name: 'AxiosError', code: 'ERR_BAD_REQUEST', config: {…}, request: XMLHttpRequest, …}
 axios X-Ratelimit-Remaining undefined
 axios error status 429
 axios error headers toJSON {cache-control: 'private, max-age=3600', content-type: 'application/json; charset=UTF-8'}
  GET https://www.reddit.com/user/Flxres75/about.json 429 (Too Many Requests)
dispatchXhrRequest @ bundle.js:69583
xhr @ bundle.js:69395
dispatchRequest @ bundle.js:70615
_request @ bundle.js:70051
request @ bundle.js:69946
Axios.<computed> @ bundle.js:70073
wrap @ bundle.js:71181
(anonymous) @ bundle.js:64372
(anonymous) @ bundle.js:67669
(anonymous) @ bundle.js:67703
(anonymous) @ bundle.js:160956
(anonymous) @ bundle.js:67026
(anonymous) @ bundle.js:66836
dispatch @ unknown
(anonymous) @ bundle.js:1251
commitHookEffectListMount @ bundle.js:45752
commitPassiveMountOnFiber @ bundle.js:47245
commitPassiveMountEffects_complete @ bundle.js:47217
commitPassiveMountEffects_begin @ bundle.js:47207
commitPassiveMountEffects @ bundle.js:47197
flushPassiveEffectsImpl @ bundle.js:49080
flushPassiveEffects @ bundle.js:49033
commitRootImpl @ bundle.js:48992
commitRoot @ bundle.js:48775
performSyncWorkOnRoot @ bundle.js:48284
flushSyncCallbacks @ bundle.js:36259
(anonymous) @ bundle.js:47889
 axios error AxiosError {message: 'Request failed with status code 429', name: 'AxiosError', code: 'ERR_BAD_REQUEST', config: {…}, request: XMLHttpRequest, …}
 axios X-Ratelimit-Remaining undefined
 axios error status 429
 axios error headers toJSON {cache-control: 'private, max-age=3600', content-type: 'application/json; charset=UTF-8'}
  GET https://www.reddit.com/user/No-Seaworthiness-630/about.json 429 (Too Many Requests)
dispatchXhrRequest @ bundle.js:69583
xhr @ bundle.js:69395
dispatchRequest @ bundle.js:70615
_request @ bundle.js:70051
request @ bundle.js:69946
Axios.<computed> @ bundle.js:70073
wrap @ bundle.js:71181
(anonymous) @ bundle.js:64372
(anonymous) @ bundle.js:67669
(anonymous) @ bundle.js:67703
(anonymous) @ bundle.js:160956
(anonymous) @ bundle.js:67026
(anonymous) @ bundle.js:66836
dispatch @ unknown
(anonymous) @ bundle.js:1251
commitHookEffectListMount @ bundle.js:45752
commitPassiveMountOnFiber @ bundle.js:47245
commitPassiveMountEffects_complete @ bundle.js:47217
commitPassiveMountEffects_begin @ bundle.js:47207
commitPassiveMountEffects @ bundle.js:47197
flushPassiveEffectsImpl @ bundle.js:49080
flushPassiveEffects @ bundle.js:49033
commitRootImpl @ bundle.js:48992
commitRoot @ bundle.js:48775
performSyncWorkOnRoot @ bundle.js:48284
flushSyncCallbacks @ bundle.js:36259
(anonymous) @ bundle.js:47889
 axios error AxiosError {message: 'Request failed with status code 429', name: 'AxiosError', code: 'ERR_BAD_REQUEST', config: {…}, request: XMLHttpRequest, …}
 axios X-Ratelimit-Remaining undefined
 axios error status 429
 axios error headers toJSON {cache-control: 'private, max-age=3600', content-type: 'application/json; charset=UTF-8'}
  GET https://www.reddit.com/user/remotelysane/about.json 429 (Too Many Requests)
dispatchXhrRequest @ bundle.js:69583
xhr @ bundle.js:69395
dispatchRequest @ bundle.js:70615
_request @ bundle.js:70051
request @ bundle.js:69946
Axios.<computed> @ bundle.js:70073
wrap @ bundle.js:71181
(anonymous) @ bundle.js:64372
(anonymous) @ bundle.js:67669
(anonymous) @ bundle.js:67703
(anonymous) @ bundle.js:160956
(anonymous) @ bundle.js:67026
(anonymous) @ bundle.js:66836
dispatch @ unknown
(anonymous) @ bundle.js:1251
commitHookEffectListMount @ bundle.js:45752
commitPassiveMountOnFiber @ bundle.js:47245
commitPassiveMountEffects_complete @ bundle.js:47217
commitPassiveMountEffects_begin @ bundle.js:47207
commitPassiveMountEffects @ bundle.js:47197
flushPassiveEffectsImpl @ bundle.js:49080
flushPassiveEffects @ bundle.js:49033
commitRootImpl @ bundle.js:48992
commitRoot @ bundle.js:48775
performSyncWorkOnRoot @ bundle.js:48284
flushSyncCallbacks @ bundle.js:36259
(anonymous) @ bundle.js:47889
 axios error AxiosError {message: 'Request failed with status code 429', name: 'AxiosError', code: 'ERR_BAD_REQUEST', config: {…}, request: XMLHttpRequest, …}
 axios X-Ratelimit-Remaining undefined
 axios error status 429
 axios error headers toJSON {cache-control: 'private, max-age=3600', content-type: 'application/json; charset=UTF-8'}
  GET https://www.reddit.com/user/Practical_Dig1945/about.json 429 (Too Many Requests)
dispatchXhrRequest @ bundle.js:69583
xhr @ bundle.js:69395
dispatchRequest @ bundle.js:70615
_request @ bundle.js:70051
request @ bundle.js:69946
Axios.<computed> @ bundle.js:70073
wrap @ bundle.js:71181
(anonymous) @ bundle.js:64372
(anonymous) @ bundle.js:67669
(anonymous) @ bundle.js:67703
(anonymous) @ bundle.js:160956
(anonymous) @ bundle.js:67026
(anonymous) @ bundle.js:66836
dispatch @ unknown
(anonymous) @ bundle.js:1251
commitHookEffectListMount @ bundle.js:45752
commitPassiveMountOnFiber @ bundle.js:47245
commitPassiveMountEffects_complete @ bundle.js:47217
commitPassiveMountEffects_begin @ bundle.js:47207
commitPassiveMountEffects @ bundle.js:47197
flushPassiveEffectsImpl @ bundle.js:49080
flushPassiveEffects @ bundle.js:49033
commitRootImpl @ bundle.js:48992
commitRoot @ bundle.js:48775
performSyncWorkOnRoot @ bundle.js:48284
flushSyncCallbacks @ bundle.js:36259
(anonymous) @ bundle.js:47889
 axios error AxiosError {message: 'Request failed with status code 429', name: 'AxiosError', code: 'ERR_BAD_REQUEST', config: {…}, request: XMLHttpRequest, …}
 axios X-Ratelimit-Remaining undefined
 axios error status 429
 axios error headers toJSON {cache-control: 'private, max-age=3600', content-type: 'application/json; charset=UTF-8'}
  GET https://www.reddit.com/user/TheLandGirl/about.json 429 (Too Many Requests)
dispatchXhrRequest @ bundle.js:69583
xhr @ bundle.js:69395
dispatchRequest @ bundle.js:70615
_request @ bundle.js:70051
request @ bundle.js:69946
Axios.<computed> @ bundle.js:70073
wrap @ bundle.js:71181
(anonymous) @ bundle.js:64372
(anonymous) @ bundle.js:67669
(anonymous) @ bundle.js:67703
(anonymous) @ bundle.js:160956
(anonymous) @ bundle.js:67026
(anonymous) @ bundle.js:66836
dispatch @ unknown
(anonymous) @ bundle.js:1251
commitHookEffectListMount @ bundle.js:45752
commitPassiveMountOnFiber @ bundle.js:47245
commitPassiveMountEffects_complete @ bundle.js:47217
commitPassiveMountEffects_begin @ bundle.js:47207
commitPassiveMountEffects @ bundle.js:47197
flushPassiveEffectsImpl @ bundle.js:49080
flushPassiveEffects @ bundle.js:49033
commitRootImpl @ bundle.js:48992
commitRoot @ bundle.js:48775
performSyncWorkOnRoot @ bundle.js:48284
flushSyncCallbacks @ bundle.js:36259
(anonymous) @ bundle.js:47889
 axios error AxiosError {message: 'Request failed with status code 429', name: 'AxiosError', code: 'ERR_BAD_REQUEST', config: {…}, request: XMLHttpRequest, …}
 axios X-Ratelimit-Remaining undefined
 axios error status 429
 axios error headers toJSON {cache-control: 'private, max-age=3600', content-type: 'application/json; charset=UTF-8'}
  GET https://www.reddit.com/user/ATF8643/about.json 429 (Too Many Requests)
dispatchXhrRequest @ bundle.js:69583
xhr @ bundle.js:69395
dispatchRequest @ bundle.js:70615
_request @ bundle.js:70051
request @ bundle.js:69946
Axios.<computed> @ bundle.js:70073
wrap @ bundle.js:71181
(anonymous) @ bundle.js:64372
(anonymous) @ bundle.js:67669
(anonymous) @ bundle.js:67703
(anonymous) @ bundle.js:160956
(anonymous) @ bundle.js:67026
(anonymous) @ bundle.js:66836
dispatch @ unknown
(anonymous) @ bundle.js:1251
commitHookEffectListMount @ bundle.js:45752
commitPassiveMountOnFiber @ bundle.js:47245
commitPassiveMountEffects_complete @ bundle.js:47217
commitPassiveMountEffects_begin @ bundle.js:47207
commitPassiveMountEffects @ bundle.js:47197
flushPassiveEffectsImpl @ bundle.js:49080
flushPassiveEffects @ bundle.js:49033
commitRootImpl @ bundle.js:48992
commitRoot @ bundle.js:48775
performSyncWorkOnRoot @ bundle.js:48284
flushSyncCallbacks @ bundle.js:36259
(anonymous) @ bundle.js:47889
 axios error AxiosError {message: 'Request failed with status code 429', name: 'AxiosError', code: 'ERR_BAD_REQUEST', config: {…}, request: XMLHttpRequest, …}
 axios X-Ratelimit-Remaining undefined
 axios error status 429
 axios error headers toJSON {cache-control: 'private, max-age=3600', content-type: 'application/json; charset=UTF-8'}
  GET https://www.reddit.com/user/Bojangles315/about.json 429 (Too Many Requests)
dispatchXhrRequest @ bundle.js:69583
xhr @ bundle.js:69395
dispatchRequest @ bundle.js:70615
_request @ bundle.js:70051
request @ bundle.js:69946
Axios.<computed> @ bundle.js:70073
wrap @ bundle.js:71181
(anonymous) @ bundle.js:64372
(anonymous) @ bundle.js:67669
(anonymous) @ bundle.js:67703
(anonymous) @ bundle.js:160956
(anonymous) @ bundle.js:67026
(anonymous) @ bundle.js:66836
dispatch @ unknown
(anonymous) @ bundle.js:1251
commitHookEffectListMount @ bundle.js:45752
invokePassiveEffectMountInDEV @ bundle.js:47441
invokeEffectsInDev @ bundle.js:49338
commitDoubleInvokeEffectsInDEV @ bundle.js:49321
flushPassiveEffectsImpl @ bundle.js:49094
flushPassiveEffects @ bundle.js:49033
commitRootImpl @ bundle.js:48992
commitRoot @ bundle.js:48775
performSyncWorkOnRoot @ bundle.js:48284
flushSyncCallbacks @ bundle.js:36259
(anonymous) @ bundle.js:47889
 axios error AxiosError {message: 'Request failed with status code 429', name: 'AxiosError', code: 'ERR_BAD_REQUEST', config: {…}, request: XMLHttpRequest, …}
 axios X-Ratelimit-Remaining undefined
 axios error status 429
 axios error headers toJSON {cache-control: 'private, max-age=3600', content-type: 'application/json; charset=UTF-8'}
  GET https://www.reddit.com/user/Sad_Willingness5589/about.json 429 (Too Many Requests)
dispatchXhrRequest @ bundle.js:69583
xhr @ bundle.js:69395
dispatchRequest @ bundle.js:70615
_request @ bundle.js:70051
request @ bundle.js:69946
Axios.<computed> @ bundle.js:70073
wrap @ bundle.js:71181
(anonymous) @ bundle.js:64372
(anonymous) @ bundle.js:67669
(anonymous) @ bundle.js:67703
(anonymous) @ bundle.js:160956
(anonymous) @ bundle.js:67026
(anonymous) @ bundle.js:66836
dispatch @ unknown
(anonymous) @ bundle.js:1251
commitHookEffectListMount @ bundle.js:45752
invokePassiveEffectMountInDEV @ bundle.js:47441
invokeEffectsInDev @ bundle.js:49338
commitDoubleInvokeEffectsInDEV @ bundle.js:49321
flushPassiveEffectsImpl @ bundle.js:49094
flushPassiveEffects @ bundle.js:49033
commitRootImpl @ bundle.js:48992
commitRoot @ bundle.js:48775
performSyncWorkOnRoot @ bundle.js:48284
flushSyncCallbacks @ bundle.js:36259
(anonymous) @ bundle.js:47889
 axios error AxiosError {message: 'Request failed with status code 429', name: 'AxiosError', code: 'ERR_BAD_REQUEST', config: {…}, request: XMLHttpRequest, …}
 axios X-Ratelimit-Remaining undefined
 axios error status 429
 axios error headers toJSON {cache-control: 'private, max-age=3600', content-type: 'application/json; charset=UTF-8'}
  GET https://www.reddit.com/user/jade911/about.json 429 (Too Many Requests)
dispatchXhrRequest @ bundle.js:69583
xhr @ bundle.js:69395
dispatchRequest @ bundle.js:70615
_request @ bundle.js:70051
request @ bundle.js:69946
Axios.<computed> @ bundle.js:70073
wrap @ bundle.js:71181
(anonymous) @ bundle.js:64372
(anonymous) @ bundle.js:67669
(anonymous) @ bundle.js:67703
(anonymous) @ bundle.js:160956
(anonymous) @ bundle.js:67026
(anonymous) @ bundle.js:66836
dispatch @ unknown
(anonymous) @ bundle.js:1251
commitHookEffectListMount @ bundle.js:45752
invokePassiveEffectMountInDEV @ bundle.js:47441
invokeEffectsInDev @ bundle.js:49338
commitDoubleInvokeEffectsInDEV @ bundle.js:49321
flushPassiveEffectsImpl @ bundle.js:49094
flushPassiveEffects @ bundle.js:49033
commitRootImpl @ bundle.js:48992
commitRoot @ bundle.js:48775
performSyncWorkOnRoot @ bundle.js:48284
flushSyncCallbacks @ bundle.js:36259
(anonymous) @ bundle.js:47889
 axios error AxiosError {message: 'Request failed with status code 429', name: 'AxiosError', code: 'ERR_BAD_REQUEST', config: {…}, request: XMLHttpRequest, …}
 axios X-Ratelimit-Remaining undefined
 axios error status 429
 axios error headers toJSON {cache-control: 'private, max-age=3600', content-type: 'application/json; charset=UTF-8'}
  GET https://www.reddit.com/user/BuilderBrigade/about.json 429 (Too Many Requests)
dispatchXhrRequest @ bundle.js:69583
xhr @ bundle.js:69395
dispatchRequest @ bundle.js:70615
_request @ bundle.js:70051
request @ bundle.js:69946
Axios.<computed> @ bundle.js:70073
wrap @ bundle.js:71181
(anonymous) @ bundle.js:64372
(anonymous) @ bundle.js:67669
(anonymous) @ bundle.js:67703
(anonymous) @ bundle.js:160956
(anonymous) @ bundle.js:67026
(anonymous) @ bundle.js:66836
dispatch @ unknown
(anonymous) @ bundle.js:1251
commitHookEffectListMount @ bundle.js:45752
invokePassiveEffectMountInDEV @ bundle.js:47441
invokeEffectsInDev @ bundle.js:49338
commitDoubleInvokeEffectsInDEV @ bundle.js:49321
flushPassiveEffectsImpl @ bundle.js:49094
flushPassiveEffects @ bundle.js:49033
commitRootImpl @ bundle.js:48992
commitRoot @ bundle.js:48775
performSyncWorkOnRoot @ bundle.js:48284
flushSyncCallbacks @ bundle.js:36259
(anonymous) @ bundle.js:47889
 axios error AxiosError {message: 'Request failed with status code 429', name: 'AxiosError', code: 'ERR_BAD_REQUEST', config: {…}, request: XMLHttpRequest, …}
 axios X-Ratelimit-Remaining undefined
 axios error status 429
 axios error headers toJSON {cache-control: 'private, max-age=3600', content-type: 'application/json; charset=UTF-8'}
  GET https://www.reddit.com/user/softc0rGamer/about.json 429 (Too Many Requests)
dispatchXhrRequest @ bundle.js:69583
xhr @ bundle.js:69395
dispatchRequest @ bundle.js:70615
_request @ bundle.js:70051
request @ bundle.js:69946
Axios.<computed> @ bundle.js:70073
wrap @ bundle.js:71181
(anonymous) @ bundle.js:64372
(anonymous) @ bundle.js:67669
(anonymous) @ bundle.js:67703
(anonymous) @ bundle.js:160956
(anonymous) @ bundle.js:67026
(anonymous) @ bundle.js:66836
dispatch @ unknown
(anonymous) @ bundle.js:1251
commitHookEffectListMount @ bundle.js:45752
invokePassiveEffectMountInDEV @ bundle.js:47441
invokeEffectsInDev @ bundle.js:49338
commitDoubleInvokeEffectsInDEV @ bundle.js:49321
flushPassiveEffectsImpl @ bundle.js:49094
flushPassiveEffects @ bundle.js:49033
commitRootImpl @ bundle.js:48992
commitRoot @ bundle.js:48775
performSyncWorkOnRoot @ bundle.js:48284
flushSyncCallbacks @ bundle.js:36259
(anonymous) @ bundle.js:47889
 axios error AxiosError {message: 'Request failed with status code 429', name: 'AxiosError', code: 'ERR_BAD_REQUEST', config: {…}, request: XMLHttpRequest, …}
 axios X-Ratelimit-Remaining undefined
 axios error status 429
 axios error headers toJSON {cache-control: 'private, max-age=3600', content-type: 'application/json; charset=UTF-8'}
  GET https://www.reddit.com/user/CamV-/about.json 429 (Too Many Requests)
dispatchXhrRequest @ bundle.js:69583
xhr @ bundle.js:69395
dispatchRequest @ bundle.js:70615
_request @ bundle.js:70051
request @ bundle.js:69946
Axios.<computed> @ bundle.js:70073
wrap @ bundle.js:71181
(anonymous) @ bundle.js:64372
(anonymous) @ bundle.js:67669
(anonymous) @ bundle.js:67703
(anonymous) @ bundle.js:160956
(anonymous) @ bundle.js:67026
(anonymous) @ bundle.js:66836
dispatch @ unknown
(anonymous) @ bundle.js:1251
commitHookEffectListMount @ bundle.js:45752
invokePassiveEffectMountInDEV @ bundle.js:47441
invokeEffectsInDev @ bundle.js:49338
commitDoubleInvokeEffectsInDEV @ bundle.js:49321
flushPassiveEffectsImpl @ bundle.js:49094
flushPassiveEffects @ bundle.js:49033
commitRootImpl @ bundle.js:48992
commitRoot @ bundle.js:48775
performSyncWorkOnRoot @ bundle.js:48284
flushSyncCallbacks @ bundle.js:36259
(anonymous) @ bundle.js:47889
 axios error AxiosError {message: 'Request failed with status code 429', name: 'AxiosError', code: 'ERR_BAD_REQUEST', config: {…}, request: XMLHttpRequest, …}
 axios X-Ratelimit-Remaining undefined
 axios error status 429
 axios error headers toJSON {cache-control: 'private, max-age=3600', content-type: 'application/json; charset=UTF-8'}
  GET https://www.reddit.com/user/Expensive_News_8265/about.json 429 (Too Many Requests)
dispatchXhrRequest @ bundle.js:69583
xhr @ bundle.js:69395
dispatchRequest @ bundle.js:70615
_request @ bundle.js:70051
request @ bundle.js:69946
Axios.<computed> @ bundle.js:70073
wrap @ bundle.js:71181
(anonymous) @ bundle.js:64372
(anonymous) @ bundle.js:67669
(anonymous) @ bundle.js:67703
(anonymous) @ bundle.js:160956
(anonymous) @ bundle.js:67026
(anonymous) @ bundle.js:66836
dispatch @ unknown
(anonymous) @ bundle.js:1251
commitHookEffectListMount @ bundle.js:45752
invokePassiveEffectMountInDEV @ bundle.js:47441
invokeEffectsInDev @ bundle.js:49338
commitDoubleInvokeEffectsInDEV @ bundle.js:49321
flushPassiveEffectsImpl @ bundle.js:49094
flushPassiveEffects @ bundle.js:49033
commitRootImpl @ bundle.js:48992
commitRoot @ bundle.js:48775
performSyncWorkOnRoot @ bundle.js:48284
flushSyncCallbacks @ bundle.js:36259
(anonymous) @ bundle.js:47889
 axios error AxiosError {message: 'Request failed with status code 429', name: 'AxiosError', code: 'ERR_BAD_REQUEST', config: {…}, request: XMLHttpRequest, …}
 axios X-Ratelimit-Remaining undefined
 axios error status 429
 axios error headers toJSON {cache-control: 'private, max-age=3600', content-type: 'application/json; charset=UTF-8'}
  GET https://www.reddit.com/user/Every_Film4201/about.json 429 (Too Many Requests)
dispatchXhrRequest @ bundle.js:69583
xhr @ bundle.js:69395
dispatchRequest @ bundle.js:70615
_request @ bundle.js:70051
request @ bundle.js:69946
Axios.<computed> @ bundle.js:70073
wrap @ bundle.js:71181
(anonymous) @ bundle.js:64372
(anonymous) @ bundle.js:67669
(anonymous) @ bundle.js:67703
(anonymous) @ bundle.js:160956
(anonymous) @ bundle.js:67026
(anonymous) @ bundle.js:66836
dispatch @ unknown
(anonymous) @ bundle.js:1251
commitHookEffectListMount @ bundle.js:45752
invokePassiveEffectMountInDEV @ bundle.js:47441
invokeEffectsInDev @ bundle.js:49338
commitDoubleInvokeEffectsInDEV @ bundle.js:49321
flushPassiveEffectsImpl @ bundle.js:49094
flushPassiveEffects @ bundle.js:49033
commitRootImpl @ bundle.js:48992
commitRoot @ bundle.js:48775
performSyncWorkOnRoot @ bundle.js:48284
flushSyncCallbacks @ bundle.js:36259
(anonymous) @ bundle.js:47889
 axios error AxiosError {message: 'Request failed with status code 429', name: 'AxiosError', code: 'ERR_BAD_REQUEST', config: {…}, request: XMLHttpRequest, …}
 axios X-Ratelimit-Remaining undefined
 axios error status 429
 axios error headers toJSON {cache-control: 'private, max-age=3600', content-type: 'application/json; charset=UTF-8'}
  GET https://www.reddit.com/user/pennytheyorkie/about.json 429 (Too Many Requests)
dispatchXhrRequest @ bundle.js:69583
xhr @ bundle.js:69395
dispatchRequest @ bundle.js:70615
_request @ bundle.js:70051
request @ bundle.js:69946
Axios.<computed> @ bundle.js:70073
wrap @ bundle.js:71181
(anonymous) @ bundle.js:64372
(anonymous) @ bundle.js:67669
(anonymous) @ bundle.js:67703
(anonymous) @ bundle.js:160956
(anonymous) @ bundle.js:67026
(anonymous) @ bundle.js:66836
dispatch @ unknown
(anonymous) @ bundle.js:1251
commitHookEffectListMount @ bundle.js:45752
invokePassiveEffectMountInDEV @ bundle.js:47441
invokeEffectsInDev @ bundle.js:49338
commitDoubleInvokeEffectsInDEV @ bundle.js:49321
flushPassiveEffectsImpl @ bundle.js:49094
flushPassiveEffects @ bundle.js:49033
commitRootImpl @ bundle.js:48992
commitRoot @ bundle.js:48775
performSyncWorkOnRoot @ bundle.js:48284
flushSyncCallbacks @ bundle.js:36259
(anonymous) @ bundle.js:47889
 axios error AxiosError {message: 'Request failed with status code 429', name: 'AxiosError', code: 'ERR_BAD_REQUEST', config: {…}, request: XMLHttpRequest, …}
 axios X-Ratelimit-Remaining undefined
 axios error status 429
 axios error headers toJSON {cache-control: 'private, max-age=3600', content-type: 'application/json; charset=UTF-8'}
  GET https://www.reddit.com/user/Alert-Use6018/about.json 429 (Too Many Requests)
dispatchXhrRequest @ bundle.js:69583
xhr @ bundle.js:69395
dispatchRequest @ bundle.js:70615
_request @ bundle.js:70051
request @ bundle.js:69946
Axios.<computed> @ bundle.js:70073
wrap @ bundle.js:71181
(anonymous) @ bundle.js:64372
(anonymous) @ bundle.js:67669
(anonymous) @ bundle.js:67703
(anonymous) @ bundle.js:160956
(anonymous) @ bundle.js:67026
(anonymous) @ bundle.js:66836
dispatch @ unknown
(anonymous) @ bundle.js:1251
commitHookEffectListMount @ bundle.js:45752
invokePassiveEffectMountInDEV @ bundle.js:47441
invokeEffectsInDev @ bundle.js:49338
commitDoubleInvokeEffectsInDEV @ bundle.js:49321
flushPassiveEffectsImpl @ bundle.js:49094
flushPassiveEffects @ bundle.js:49033
commitRootImpl @ bundle.js:48992
commitRoot @ bundle.js:48775
performSyncWorkOnRoot @ bundle.js:48284
flushSyncCallbacks @ bundle.js:36259
(anonymous) @ bundle.js:47889
 axios error AxiosError {message: 'Request failed with status code 429', name: 'AxiosError', code: 'ERR_BAD_REQUEST', config: {…}, request: XMLHttpRequest, …}
 axios X-Ratelimit-Remaining undefined
 axios error status 429
 axios error headers toJSON {cache-control: 'private, max-age=3600', content-type: 'application/json; charset=UTF-8'}
  GET https://www.reddit.com/user/Hot-Maintenance8881/about.json 429 (Too Many Requests)
dispatchXhrRequest @ bundle.js:69583
xhr @ bundle.js:69395
dispatchRequest @ bundle.js:70615
_request @ bundle.js:70051
request @ bundle.js:69946
Axios.<computed> @ bundle.js:70073
wrap @ bundle.js:71181
(anonymous) @ bundle.js:64372
(anonymous) @ bundle.js:67669
(anonymous) @ bundle.js:67703
(anonymous) @ bundle.js:160956
(anonymous) @ bundle.js:67026
(anonymous) @ bundle.js:66836
dispatch @ unknown
(anonymous) @ bundle.js:1251
commitHookEffectListMount @ bundle.js:45752
invokePassiveEffectMountInDEV @ bundle.js:47441
invokeEffectsInDev @ bundle.js:49338
commitDoubleInvokeEffectsInDEV @ bundle.js:49321
flushPassiveEffectsImpl @ bundle.js:49094
flushPassiveEffects @ bundle.js:49033
commitRootImpl @ bundle.js:48992
commitRoot @ bundle.js:48775
performSyncWorkOnRoot @ bundle.js:48284
flushSyncCallbacks @ bundle.js:36259
(anonymous) @ bundle.js:47889
 axios error AxiosError {message: 'Request failed with status code 429', name: 'AxiosError', code: 'ERR_BAD_REQUEST', config: {…}, request: XMLHttpRequest, …}
 axios X-Ratelimit-Remaining undefined
 axios error status 429
 axios error headers toJSON {cache-control: 'private, max-age=3600', content-type: 'application/json; charset=UTF-8'}
  GET https://www.reddit.com/user/lilieta5/about.json 429 (Too Many Requests)
dispatchXhrRequest @ bundle.js:69583
xhr @ bundle.js:69395
dispatchRequest @ bundle.js:70615
_request @ bundle.js:70051
request @ bundle.js:69946
Axios.<computed> @ bundle.js:70073
wrap @ bundle.js:71181
(anonymous) @ bundle.js:64372
(anonymous) @ bundle.js:67669
(anonymous) @ bundle.js:67703
(anonymous) @ bundle.js:160956
(anonymous) @ bundle.js:67026
(anonymous) @ bundle.js:66836
dispatch @ unknown
(anonymous) @ bundle.js:1251
commitHookEffectListMount @ bundle.js:45752
invokePassiveEffectMountInDEV @ bundle.js:47441
invokeEffectsInDev @ bundle.js:49338
commitDoubleInvokeEffectsInDEV @ bundle.js:49321
flushPassiveEffectsImpl @ bundle.js:49094
flushPassiveEffects @ bundle.js:49033
commitRootImpl @ bundle.js:48992
commitRoot @ bundle.js:48775
performSyncWorkOnRoot @ bundle.js:48284
flushSyncCallbacks @ bundle.js:36259
(anonymous) @ bundle.js:47889
 axios error AxiosError {message: 'Request failed with status code 429', name: 'AxiosError', code: 'ERR_BAD_REQUEST', config: {…}, request: XMLHttpRequest, …}
 axios X-Ratelimit-Remaining undefined
 axios error status 429
 axios error headers toJSON {cache-control: 'private, max-age=3600', content-type: 'application/json; charset=UTF-8'}
  GET https://www.reddit.com/user/Supermoon_fullmoon/about.json 429 (Too Many Requests)
dispatchXhrRequest @ bundle.js:69583
xhr @ bundle.js:69395
dispatchRequest @ bundle.js:70615
_request @ bundle.js:70051
request @ bundle.js:69946
Axios.<computed> @ bundle.js:70073
wrap @ bundle.js:71181
(anonymous) @ bundle.js:64372
(anonymous) @ bundle.js:67669
(anonymous) @ bundle.js:67703
(anonymous) @ bundle.js:160956
(anonymous) @ bundle.js:67026
(anonymous) @ bundle.js:66836
dispatch @ unknown
(anonymous) @ bundle.js:1251
commitHookEffectListMount @ bundle.js:45752
invokePassiveEffectMountInDEV @ bundle.js:47441
invokeEffectsInDev @ bundle.js:49338
commitDoubleInvokeEffectsInDEV @ bundle.js:49321
flushPassiveEffectsImpl @ bundle.js:49094
flushPassiveEffects @ bundle.js:49033
commitRootImpl @ bundle.js:48992
commitRoot @ bundle.js:48775
performSyncWorkOnRoot @ bundle.js:48284
flushSyncCallbacks @ bundle.js:36259
(anonymous) @ bundle.js:47889
 axios error AxiosError {message: 'Request failed with status code 429', name: 'AxiosError', code: 'ERR_BAD_REQUEST', config: {…}, request: XMLHttpRequest, …}
reddit.js:191 axios X-Ratelimit-Remaining undefined
reddit.js:192 axios error status 429
reddit.js:193 axios error headers toJSON {cache-control: 'private, max-age=3600', content-type: 'application/json; charset=UTF-8'}
xhr.js:258 
        
        
       GET https://www.reddit.com/user/Master-Variation6954/about.json 429 (Too Many Requests)
dispatchXhrRequest @ xhr.js:258
xhr @ xhr.js:49
dispatchRequest @ dispatchRequest.js:51
_request @ Axios.js:170
request @ Axios.js:40
Axios.<computed> @ Axios.js:196
wrap @ bind.js:5
(anonymous) @ reddit.js:180
(anonymous) @ createAsyncThunk.ts:352
(anonymous) @ createAsyncThunk.ts:395
(anonymous) @ redux-thunk.mjs:5
(anonymous) @ immutableStateInvariantMiddleware.ts:203
(anonymous) @ actionCreatorInvariantMiddleware.ts:31
dispatch @ VM563:6
(anonymous) @ Post.jsx:42
commitHookEffectListMount @ react-dom.development.js:23189
invokePassiveEffectMountInDEV @ react-dom.development.js:25193
invokeEffectsInDev @ react-dom.development.js:27390
commitDoubleInvokeEffectsInDEV @ react-dom.development.js:27369
flushPassiveEffectsImpl @ react-dom.development.js:27095
flushPassiveEffects @ react-dom.development.js:27023
commitRootImpl @ react-dom.development.js:26974
commitRoot @ react-dom.development.js:26721
performSyncWorkOnRoot @ react-dom.development.js:26156
flushSyncCallbacks @ react-dom.development.js:12042
(anonymous) @ react-dom.development.js:25690
Show 12 more frames
Show less
reddit.js:190 axios error AxiosError {message: 'Request failed with status code 429', name: 'AxiosError', code: 'ERR_BAD_REQUEST', config: {…}, request: XMLHttpRequest, …}
reddit.js:191 axios X-Ratelimit-Remaining undefined
reddit.js:192 axios error status 429
reddit.js:193 axios error headers toJSON {cache-control: 'private, max-age=3600', content-type: 'application/json; charset=UTF-8'}
xhr.js:258 
        
        
       GET https://www.reddit.com/user/jeffersonnSteelflexx/about.json 429 (Too Many Requests)
dispatchXhrRequest @ xhr.js:258
xhr @ xhr.js:49
dispatchRequest @ dispatchRequest.js:51
_request @ Axios.js:170
request @ Axios.js:40
Axios.<computed> @ Axios.js:196
wrap @ bind.js:5
(anonymous) @ reddit.js:180
(anonymous) @ createAsyncThunk.ts:352
(anonymous) @ createAsyncThunk.ts:395
(anonymous) @ redux-thunk.mjs:5
(anonymous) @ immutableStateInvariantMiddleware.ts:203
(anonymous) @ actionCreatorInvariantMiddleware.ts:31
dispatch @ VM563:6
(anonymous) @ Post.jsx:42
commitHookEffectListMount @ react-dom.development.js:23189
invokePassiveEffectMountInDEV @ react-dom.development.js:25193
invokeEffectsInDev @ react-dom.development.js:27390
commitDoubleInvokeEffectsInDEV @ react-dom.development.js:27369
flushPassiveEffectsImpl @ react-dom.development.js:27095
flushPassiveEffects @ react-dom.development.js:27023
commitRootImpl @ react-dom.development.js:26974
commitRoot @ react-dom.development.js:26721
performSyncWorkOnRoot @ react-dom.development.js:26156
flushSyncCallbacks @ react-dom.development.js:12042
(anonymous) @ react-dom.development.js:25690
Show 12 more frames
Show less
reddit.js:190 axios error AxiosError {message: 'Request failed with status code 429', name: 'AxiosError', code: 'ERR_BAD_REQUEST', config: {…}, request: XMLHttpRequest, …}
reddit.js:191 axios X-Ratelimit-Remaining undefined
reddit.js:192 axios error status 429
reddit.js:193 axios error headers toJSON {cache-control: 'private, max-age=3600', content-type: 'application/json; charset=UTF-8'}
xhr.js:258 
        
        
       GET https://www.reddit.com/user/Shredded__/about.json 429 (Too Many Requests)
dispatchXhrRequest @ xhr.js:258
xhr @ xhr.js:49
dispatchRequest @ dispatchRequest.js:51
_request @ Axios.js:170
request @ Axios.js:40
Axios.<computed> @ Axios.js:196
wrap @ bind.js:5
(anonymous) @ reddit.js:180
(anonymous) @ createAsyncThunk.ts:352
(anonymous) @ createAsyncThunk.ts:395
(anonymous) @ redux-thunk.mjs:5
(anonymous) @ immutableStateInvariantMiddleware.ts:203
(anonymous) @ actionCreatorInvariantMiddleware.ts:31
dispatch @ VM563:6
(anonymous) @ Post.jsx:42
commitHookEffectListMount @ react-dom.development.js:23189
invokePassiveEffectMountInDEV @ react-dom.development.js:25193
invokeEffectsInDev @ react-dom.development.js:27390
commitDoubleInvokeEffectsInDEV @ react-dom.development.js:27369
flushPassiveEffectsImpl @ react-dom.development.js:27095
flushPassiveEffects @ react-dom.development.js:27023
commitRootImpl @ react-dom.development.js:26974
commitRoot @ react-dom.development.js:26721
performSyncWorkOnRoot @ react-dom.development.js:26156
flushSyncCallbacks @ react-dom.development.js:12042
(anonymous) @ react-dom.development.js:25690
Show 12 more frames
Show less
reddit.js:190 axios error AxiosError {message: 'Request failed with status code 429', name: 'AxiosError', code: 'ERR_BAD_REQUEST', config: {…}, request: XMLHttpRequest, …}
reddit.js:191 axios X-Ratelimit-Remaining undefined
reddit.js:192 axios error status 429
reddit.js:193 axios error headers toJSON {cache-control: 'private, max-age=3600', content-type: 'application/json; charset=UTF-8'}
xhr.js:258 
        
        
       GET https://www.reddit.com/user/omgthisoldhouse/about.json 429 (Too Many Requests)
dispatchXhrRequest @ xhr.js:258
xhr @ xhr.js:49
dispatchRequest @ dispatchRequest.js:51
_request @ Axios.js:170
request @ Axios.js:40
Axios.<computed> @ Axios.js:196
wrap @ bind.js:5
(anonymous) @ reddit.js:180
(anonymous) @ createAsyncThunk.ts:352
(anonymous) @ createAsyncThunk.ts:395
(anonymous) @ redux-thunk.mjs:5
(anonymous) @ immutableStateInvariantMiddleware.ts:203
(anonymous) @ actionCreatorInvariantMiddleware.ts:31
dispatch @ VM563:6
(anonymous) @ Post.jsx:42
commitHookEffectListMount @ react-dom.development.js:23189
invokePassiveEffectMountInDEV @ react-dom.development.js:25193
invokeEffectsInDev @ react-dom.development.js:27390
commitDoubleInvokeEffectsInDEV @ react-dom.development.js:27369
flushPassiveEffectsImpl @ react-dom.development.js:27095
flushPassiveEffects @ react-dom.development.js:27023
commitRootImpl @ react-dom.development.js:26974
commitRoot @ react-dom.development.js:26721
performSyncWorkOnRoot @ react-dom.development.js:26156
flushSyncCallbacks @ react-dom.development.js:12042
(anonymous) @ react-dom.development.js:25690
Show 12 more frames
Show less
reddit.js:190 axios error AxiosError {message: 'Request failed with status code 429', name: 'AxiosError', code: 'ERR_BAD_REQUEST', config: {…}, request: XMLHttpRequest, …}
reddit.js:191 axios X-Ratelimit-Remaining undefined
reddit.js:192 axios error status 429
reddit.js:193 axios error headers toJSON {cache-control: 'private, max-age=3600', content-type: 'application/json; charset=UTF-8'}
xhr.js:258 
        
        
       GET https://www.reddit.com/user/OnePenguin209/about.json 429 (Too Many Requests)
dispatchXhrRequest @ xhr.js:258
xhr @ xhr.js:49
dispatchRequest @ dispatchRequest.js:51
_request @ Axios.js:170
request @ Axios.js:40
Axios.<computed> @ Axios.js:196
wrap @ bind.js:5
(anonymous) @ reddit.js:180
(anonymous) @ createAsyncThunk.ts:352
(anonymous) @ createAsyncThunk.ts:395
(anonymous) @ redux-thunk.mjs:5
(anonymous) @ immutableStateInvariantMiddleware.ts:203
(anonymous) @ actionCreatorInvariantMiddleware.ts:31
dispatch @ VM563:6
(anonymous) @ Post.jsx:42
commitHookEffectListMount @ react-dom.development.js:23189
invokePassiveEffectMountInDEV @ react-dom.development.js:25193
invokeEffectsInDev @ react-dom.development.js:27390
commitDoubleInvokeEffectsInDEV @ react-dom.development.js:27369
flushPassiveEffectsImpl @ react-dom.development.js:27095
flushPassiveEffects @ react-dom.development.js:27023
commitRootImpl @ react-dom.development.js:26974
commitRoot @ react-dom.development.js:26721
performSyncWorkOnRoot @ react-dom.development.js:26156
flushSyncCallbacks @ react-dom.development.js:12042
(anonymous) @ react-dom.development.js:25690
Show 12 more frames
Show less
reddit.js:190 axios error AxiosError {message: 'Request failed with status code 429', name: 'AxiosError', code: 'ERR_BAD_REQUEST', config: {…}, request: XMLHttpRequest, …}
reddit.js:191 axios X-Ratelimit-Remaining undefined
reddit.js:192 axios error status 429
reddit.js:193 axios error headers toJSON {cache-control: 'private, max-age=3600', content-type: 'application/json; charset=UTF-8'}
xhr.js:258 
        
        
       GET https://www.reddit.com/user/friendinfremont/about.json 429 (Too Many Requests)
dispatchXhrRequest @ xhr.js:258
xhr @ xhr.js:49
dispatchRequest @ dispatchRequest.js:51
_request @ Axios.js:170
request @ Axios.js:40
Axios.<computed> @ Axios.js:196
wrap @ bind.js:5
(anonymous) @ reddit.js:180
(anonymous) @ createAsyncThunk.ts:352
(anonymous) @ createAsyncThunk.ts:395
(anonymous) @ redux-thunk.mjs:5
(anonymous) @ immutableStateInvariantMiddleware.ts:203
(anonymous) @ actionCreatorInvariantMiddleware.ts:31
dispatch @ VM563:6
(anonymous) @ Post.jsx:42
commitHookEffectListMount @ react-dom.development.js:23189
invokePassiveEffectMountInDEV @ react-dom.development.js:25193
invokeEffectsInDev @ react-dom.development.js:27390
commitDoubleInvokeEffectsInDEV @ react-dom.development.js:27369
flushPassiveEffectsImpl @ react-dom.development.js:27095
flushPassiveEffects @ react-dom.development.js:27023
commitRootImpl @ react-dom.development.js:26974
commitRoot @ react-dom.development.js:26721
performSyncWorkOnRoot @ react-dom.development.js:26156
flushSyncCallbacks @ react-dom.development.js:12042
(anonymous) @ react-dom.development.js:25690
Show 12 more frames
Show less
reddit.js:190 axios error AxiosError {message: 'Request failed with status code 429', name: 'AxiosError', code: 'ERR_BAD_REQUEST', config: {…}, request: XMLHttpRequest, …}
reddit.js:191 axios X-Ratelimit-Remaining undefined
reddit.js:192 axios error status 429
reddit.js:193 axios error headers toJSON {cache-control: 'private, max-age=3600', content-type: 'application/json; charset=UTF-8'}
xhr.js:258 
        
        
       GET https://www.reddit.com/user/Flxres75/about.json 429 (Too Many Requests)
dispatchXhrRequest @ xhr.js:258
xhr @ xhr.js:49
dispatchRequest @ dispatchRequest.js:51
_request @ Axios.js:170
request @ Axios.js:40
Axios.<computed> @ Axios.js:196
wrap @ bind.js:5
(anonymous) @ reddit.js:180
(anonymous) @ createAsyncThunk.ts:352
(anonymous) @ createAsyncThunk.ts:395
(anonymous) @ redux-thunk.mjs:5
(anonymous) @ immutableStateInvariantMiddleware.ts:203
(anonymous) @ actionCreatorInvariantMiddleware.ts:31
dispatch @ VM563:6
(anonymous) @ Post.jsx:42
commitHookEffectListMount @ react-dom.development.js:23189
invokePassiveEffectMountInDEV @ react-dom.development.js:25193
invokeEffectsInDev @ react-dom.development.js:27390
commitDoubleInvokeEffectsInDEV @ react-dom.development.js:27369
flushPassiveEffectsImpl @ react-dom.development.js:27095
flushPassiveEffects @ react-dom.development.js:27023
commitRootImpl @ react-dom.development.js:26974
commitRoot @ react-dom.development.js:26721
performSyncWorkOnRoot @ react-dom.development.js:26156
flushSyncCallbacks @ react-dom.development.js:12042
(anonymous) @ react-dom.development.js:25690
Show 12 more frames
Show less
reddit.js:190 axios error AxiosError {message: 'Request failed with status code 429', name: 'AxiosError', code: 'ERR_BAD_REQUEST', config: {…}, request: XMLHttpRequest, …}
reddit.js:191 axios X-Ratelimit-Remaining undefined
reddit.js:192 axios error status 429
reddit.js:193 axios error headers toJSON {cache-control: 'private, max-age=3600', content-type: 'application/json; charset=UTF-8'}
xhr.js:258 
        
        
       GET https://www.reddit.com/user/No-Seaworthiness-630/about.json 429 (Too Many Requests)
dispatchXhrRequest @ xhr.js:258
xhr @ xhr.js:49
dispatchRequest @ dispatchRequest.js:51
_request @ Axios.js:170
request @ Axios.js:40
Axios.<computed> @ Axios.js:196
wrap @ bind.js:5
(anonymous) @ reddit.js:180
(anonymous) @ createAsyncThunk.ts:352
(anonymous) @ createAsyncThunk.ts:395
(anonymous) @ redux-thunk.mjs:5
(anonymous) @ immutableStateInvariantMiddleware.ts:203
(anonymous) @ actionCreatorInvariantMiddleware.ts:31
dispatch @ VM563:6
(anonymous) @ Post.jsx:42
commitHookEffectListMount @ react-dom.development.js:23189
invokePassiveEffectMountInDEV @ react-dom.development.js:25193
invokeEffectsInDev @ react-dom.development.js:27390
commitDoubleInvokeEffectsInDEV @ react-dom.development.js:27369
flushPassiveEffectsImpl @ react-dom.development.js:27095
flushPassiveEffects @ react-dom.development.js:27023
commitRootImpl @ react-dom.development.js:26974
commitRoot @ react-dom.development.js:26721
performSyncWorkOnRoot @ react-dom.development.js:26156
flushSyncCallbacks @ react-dom.development.js:12042
(anonymous) @ react-dom.development.js:25690
Show 12 more frames
Show less
reddit.js:190 axios error AxiosError {message: 'Request failed with status code 429', name: 'AxiosError', code: 'ERR_BAD_REQUEST', config: {…}, request: XMLHttpRequest, …}
reddit.js:191 axios X-Ratelimit-Remaining undefined
reddit.js:192 axios error status 429
reddit.js:193 axios error headers toJSON {cache-control: 'private, max-age=3600', content-type: 'application/json; charset=UTF-8'}
xhr.js:258 
        
        
       GET https://www.reddit.com/user/remotelysane/about.json 429 (Too Many Requests)
dispatchXhrRequest @ xhr.js:258
xhr @ xhr.js:49
dispatchRequest @ dispatchRequest.js:51
_request @ Axios.js:170
request @ Axios.js:40
Axios.<computed> @ Axios.js:196
wrap @ bind.js:5
(anonymous) @ reddit.js:180
(anonymous) @ createAsyncThunk.ts:352
(anonymous) @ createAsyncThunk.ts:395
(anonymous) @ redux-thunk.mjs:5
(anonymous) @ immutableStateInvariantMiddleware.ts:203
(anonymous) @ actionCreatorInvariantMiddleware.ts:31
dispatch @ VM563:6
(anonymous) @ Post.jsx:42
commitHookEffectListMount @ react-dom.development.js:23189
invokePassiveEffectMountInDEV @ react-dom.development.js:25193
invokeEffectsInDev @ react-dom.development.js:27390
commitDoubleInvokeEffectsInDEV @ react-dom.development.js:27369
flushPassiveEffectsImpl @ react-dom.development.js:27095
flushPassiveEffects @ react-dom.development.js:27023
commitRootImpl @ react-dom.development.js:26974
commitRoot @ react-dom.development.js:26721
performSyncWorkOnRoot @ react-dom.development.js:26156
flushSyncCallbacks @ react-dom.development.js:12042
(anonymous) @ react-dom.development.js:25690
Show 12 more frames
Show less
reddit.js:190 axios error AxiosError {message: 'Request failed with status code 429', name: 'AxiosError', code: 'ERR_BAD_REQUEST', config: {…}, request: XMLHttpRequest, …}
reddit.js:191 axios X-Ratelimit-Remaining undefined
reddit.js:192 axios error status 429
reddit.js:193 axios error headers toJSON {cache-control: 'private, max-age=3600', content-type: 'application/json; charset=UTF-8'}
xhr.js:258 
        
        
       GET https://www.reddit.com/user/Practical_Dig1945/about.json 429 (Too Many Requests)
dispatchXhrRequest @ xhr.js:258
xhr @ xhr.js:49
dispatchRequest @ dispatchRequest.js:51
_request @ Axios.js:170
request @ Axios.js:40
Axios.<computed> @ Axios.js:196
wrap @ bind.js:5
(anonymous) @ reddit.js:180
(anonymous) @ createAsyncThunk.ts:352
(anonymous) @ createAsyncThunk.ts:395
(anonymous) @ redux-thunk.mjs:5
(anonymous) @ immutableStateInvariantMiddleware.ts:203
(anonymous) @ actionCreatorInvariantMiddleware.ts:31
dispatch @ VM563:6
(anonymous) @ Post.jsx:42
commitHookEffectListMount @ react-dom.development.js:23189
invokePassiveEffectMountInDEV @ react-dom.development.js:25193
invokeEffectsInDev @ react-dom.development.js:27390
commitDoubleInvokeEffectsInDEV @ react-dom.development.js:27369
flushPassiveEffectsImpl @ react-dom.development.js:27095
flushPassiveEffects @ react-dom.development.js:27023
commitRootImpl @ react-dom.development.js:26974
commitRoot @ react-dom.development.js:26721
performSyncWorkOnRoot @ react-dom.development.js:26156
flushSyncCallbacks @ react-dom.development.js:12042
(anonymous) @ react-dom.development.js:25690
Show 12 more frames
Show less
reddit.js:190 axios error AxiosError {message: 'Request failed with status code 429', name: 'AxiosError', code: 'ERR_BAD_REQUEST', config: {…}, request: XMLHttpRequest, …}
reddit.js:191 axios X-Ratelimit-Remaining undefined
reddit.js:192 axios error status 429
reddit.js:193 axios error headers toJSON {cache-control: 'private, max-age=3600', content-type: 'application/json; charset=UTF-8'}
xhr.js:258 
        
        
       GET https://www.reddit.com/user/TheLandGirl/about.json 429 (Too Many Requests)
dispatchXhrRequest @ xhr.js:258
xhr @ xhr.js:49
dispatchRequest @ dispatchRequest.js:51
_request @ Axios.js:170
request @ Axios.js:40
Axios.<computed> @ Axios.js:196
wrap @ bind.js:5
(anonymous) @ reddit.js:180
(anonymous) @ createAsyncThunk.ts:352
(anonymous) @ createAsyncThunk.ts:395
(anonymous) @ redux-thunk.mjs:5
(anonymous) @ immutableStateInvariantMiddleware.ts:203
(anonymous) @ actionCreatorInvariantMiddleware.ts:31
dispatch @ VM563:6
(anonymous) @ Post.jsx:42
commitHookEffectListMount @ react-dom.development.js:23189
invokePassiveEffectMountInDEV @ react-dom.development.js:25193
invokeEffectsInDev @ react-dom.development.js:27390
commitDoubleInvokeEffectsInDEV @ react-dom.development.js:27369
flushPassiveEffectsImpl @ react-dom.development.js:27095
flushPassiveEffects @ react-dom.development.js:27023
commitRootImpl @ react-dom.development.js:26974
commitRoot @ react-dom.development.js:26721
performSyncWorkOnRoot @ react-dom.development.js:26156
flushSyncCallbacks @ react-dom.development.js:12042
(anonymous) @ react-dom.development.js:25690
Show 12 more frames
Show less
reddit.js:190 axios error AxiosError {message: 'Request failed with status code 429', name: 'AxiosError', code: 'ERR_BAD_REQUEST', config: {…}, request: XMLHttpRequest, …}code: "ERR_BAD_REQUEST"config: {transitional: {…}, adapter: Array(2), transformRequest: Array(1), transformResponse: Array(1), timeout: 0, …}message: "Request failed with status code 429"name: "AxiosError"request: XMLHttpRequest {onreadystatechange: null, readyState: 4, timeout: 0, withCredentials: false, upload: XMLHttpRequestUpload, …}response: {data: {…}, status: 429, statusText: '', headers: AxiosHeaders, config: {…}, …}stack: "AxiosError: Request failed with status code 429\n    at settle (http://localhost:3000/static/js/bundle.js:70789:12)\n    at XMLHttpRequest.onloadend (http://localhost:3000/static/js/bundle.js:69449:66)\n    at Axios.request (http://localhost:3000/static/js/bundle.js:69950:41)\n    at async http://localhost:3000/static/js/bundle.js:64372:22\n    at async http://localhost:3000/static/js/bundle.js:67669:27"[[Prototype]]: Error
reddit.js:191 axios X-Ratelimit-Remaining undefined
reddit.js:192 axios error status 429
reddit.js:193 axios error headers toJSON {cache-control: 'private, max-age=3600', content-type: 'application/json; charset=UTF-8'}
xhr.js:258 
        
        
       GET https://www.reddit.com/user/ATF8643/about.json 429 (Too Many Requests)
dispatchXhrRequest @ xhr.js:258
xhr @ xhr.js:49
dispatchRequest @ dispatchRequest.js:51
_request @ Axios.js:170
request @ Axios.js:40
Axios.<computed> @ Axios.js:196
wrap @ bind.js:5
(anonymous) @ reddit.js:180
(anonymous) @ createAsyncThunk.ts:352
(anonymous) @ createAsyncThunk.ts:395
(anonymous) @ redux-thunk.mjs:5
(anonymous) @ immutableStateInvariantMiddleware.ts:203
(anonymous) @ actionCreatorInvariantMiddleware.ts:31
dispatch @ VM563:6
(anonymous) @ Post.jsx:42
commitHookEffectListMount @ react-dom.development.js:23189
invokePassiveEffectMountInDEV @ react-dom.development.js:25193
invokeEffectsInDev @ react-dom.development.js:27390
commitDoubleInvokeEffectsInDEV @ react-dom.development.js:27369
flushPassiveEffectsImpl @ react-dom.development.js:27095
flushPassiveEffects @ react-dom.development.js:27023
commitRootImpl @ react-dom.development.js:26974
commitRoot @ react-dom.development.js:26721
performSyncWorkOnRoot @ react-dom.development.js:26156
flushSyncCallbacks @ react-dom.development.js:12042
(anonymous) @ react-dom.development.js:25690
Show 12 more frames
Show less
reddit.js:190 axios error AxiosError {message: 'Request failed with status code 429', name: 'AxiosError', code: 'ERR_BAD_REQUEST', config: {…}, request: XMLHttpRequest, …}
reddit.js:191 axios X-Ratelimit-Remaining undefined
reddit.js:192 axios error status 429
reddit.js:193 axios error headers toJSON {cache-control: 'private, max-age=3600', content-type: 'application/json; charset=UTF-8'}
